app/build/intermediates/manifest_merge_blame_file/debug/manifest-merger-blame-debug-report.txt
1<?xml version="1.0" encoding="utf-8"?>
2<manifest xmlns:android="http://schemas.android.com/apk/res/android"
3    package="com.example.bengkel"
4    android:versionCode="1"
5    android:versionName="1.0" >
6
7    <uses-sdk
8        android:minSdkVersion="19"
8-->src/main/AndroidManifest.xml
9        android:targetSdkVersion="29" />
9-->src/main/AndroidManifest.xml
10    <!--
11         The ACCESS_COARSE/FINE_LOCATION permissions are not required to use
12         Google Maps Android API v2, but you must specify either coarse or fine
13         location permissions for the 'MyLocation' functionality.
14    -->
15    <uses-permission android:name="android.permission.ACCESS_FINE_LOCATION" />
15-->src/main/AndroidManifest.xml:9:5-79
15-->src/main/AndroidManifest.xml:9:22-76
16    <uses-permission android:name="android.permission.ACCESS_COARSE_LOCATION" />
16-->src/main/AndroidManifest.xml:10:5-81
16-->src/main/AndroidManifest.xml:10:22-78
17    <uses-permission android:name="android.permission.INTERNET" />
17-->src/main/AndroidManifest.xml:11:5-67
17-->src/main/AndroidManifest.xml:11:22-64
18    <uses-permission android:name="android.permission.ACCESS_NETWORK_STATE" />
18-->src/main/AndroidManifest.xml:12:5-79
18-->src/main/AndroidManifest.xml:12:22-76
19    <uses-permission android:name="android.permission.READ_EXTERNAL_STORAGE" />
19-->src/main/AndroidManifest.xml:13:5-80
19-->src/main/AndroidManifest.xml:13:22-77
20    <uses-permission android:name="android.permission.WRITE_EXTERNAL_STORAGE" />
20-->src/main/AndroidManifest.xml:14:5-81
20-->src/main/AndroidManifest.xml:14:22-78
21
22    <uses-feature
22-->src/main/AndroidManifest.xml:16:5-18:35
23        android:glEsVersion="0x00020000"
23-->src/main/AndroidManifest.xml:17:9-41
24        android:required="true" />
24-->src/main/AndroidManifest.xml:18:9-32
25
26    <uses-permission android:name="android.permission.WAKE_LOCK" />
26-->[com.google.android.gms:play-services-measurement:17.2.0] AndroidManifest.xml:25:5-68
26-->[com.google.android.gms:play-services-measurement:17.2.0] AndroidManifest.xml:25:22-65
27    <uses-permission android:name="com.google.android.finsky.permission.BIND_GET_INSTALL_REFERRER_SERVICE" /> <!-- Required by older versions of Google Play services to create IID tokens -->
27-->[com.google.android.gms:play-services-measurement:17.2.0] AndroidManifest.xml:26:5-110
27-->[com.google.android.gms:play-services-measurement:17.2.0] AndroidManifest.xml:26:22-107
28    <uses-permission android:name="com.google.android.c2dm.permission.RECEIVE" />
28-->[com.google.firebase:firebase-iid:19.0.0] AndroidManifest.xml:26:5-82
28-->[com.google.firebase:firebase-iid:19.0.0] AndroidManifest.xml:26:22-79
29
30    <application
30-->src/main/AndroidManifest.xml:20:5-122:19
31        android:name="com.example.bengkel.util.UserClient"
31-->src/main/AndroidManifest.xml:21:9-40
32        android:allowBackup="true"
32-->src/main/AndroidManifest.xml:22:9-35
33        android:appComponentFactory="androidx.core.app.CoreComponentFactory"
33-->[androidx.core:core:1.1.0] AndroidManifest.xml:24:18-86
34        android:debuggable="true"
35        android:icon="@mipmap/halo_bengkel"
35-->src/main/AndroidManifest.xml:23:9-44
36        android:label="@string/app_name"
36-->src/main/AndroidManifest.xml:24:9-41
37        android:roundIcon="@mipmap/halo_bengkel"
37-->src/main/AndroidManifest.xml:25:9-49
38        android:supportsRtl="true"
38-->src/main/AndroidManifest.xml:26:9-35
39        android:theme="@style/AppTheme" >
39-->src/main/AndroidManifest.xml:27:9-40
40        <activity
40-->src/main/AndroidManifest.xml:28:9-29:68
41            android:name="com.example.bengkel.ui.bengkel.LayananActivity"
41-->src/main/AndroidManifest.xml:28:19-61
42            android:theme="@style/AppTheme.FullScreen" />
42-->src/main/AndroidManifest.xml:29:13-55
43        <activity android:name="com.example.bengkel.ui.admin.GraphActivity" />
43-->src/main/AndroidManifest.xml:30:9-60
43-->src/main/AndroidManifest.xml:30:19-57
44        <!--
45             The API key for Google Maps-based APIs is defined as a string resource.
46             (See the file "res/values/google_maps_api.xml").
47             Note that the API key is linked to the encryption key used to sign the APK.
48             You need a different API key for each encryption key, including the release key that is used to
49             sign the APK for publishing.
50             You can define the keys for the debug and release targets in src/debug/ and src/release/.
51        -->
52        <meta-data
52-->src/main/AndroidManifest.xml:39:9-41:55
53            android:name="com.google.android.geo.API_KEY"
53-->src/main/AndroidManifest.xml:40:13-58
54            android:value="@string/google_maps_key" />
54-->src/main/AndroidManifest.xml:41:13-52
55
56        <activity
56-->src/main/AndroidManifest.xml:43:9-45:65
57            android:name="com.example.bengkel.ui.admin.AdminMapsActivity"
57-->src/main/AndroidManifest.xml:44:13-55
58            android:label="@string/title_activity_admin_maps" />
58-->src/main/AndroidManifest.xml:45:13-62
59        <activity
59-->src/main/AndroidManifest.xml:46:9-48:59
60            android:name="com.example.bengkel.ui.bengkel.MapsActivity"
60-->src/main/AndroidManifest.xml:47:13-52
61            android:label="@string/title_activity_maps" />
61-->src/main/AndroidManifest.xml:48:13-56
62        <activity
62-->src/main/AndroidManifest.xml:49:9-51:67
63            android:name="com.example.bengkel.ui.mekanik.HomeMekanikActivity"
63-->src/main/AndroidManifest.xml:50:13-59
64            android:label="@string/title_activity_home_mekanik" />
64-->src/main/AndroidManifest.xml:51:13-64
65        <activity android:name="com.example.bengkel.ui.bengkel.DetailOrderActivity" />
65-->src/main/AndroidManifest.xml:52:9-68
65-->src/main/AndroidManifest.xml:52:19-65
66        <activity
66-->src/main/AndroidManifest.xml:53:9-55:58
67            android:name="com.example.bengkel.ui.bengkel.OrderBengkelActivity"
67-->src/main/AndroidManifest.xml:54:13-60
68            android:theme="@style/AppTheme.FullScreen" />
68-->src/main/AndroidManifest.xml:55:13-55
69        <activity
69-->src/main/AndroidManifest.xml:56:9-58:58
70            android:name="com.example.bengkel.ui.bengkel.MekanikBengkelActivity"
70-->src/main/AndroidManifest.xml:57:13-62
71            android:theme="@style/AppTheme.FullScreen" />
71-->src/main/AndroidManifest.xml:58:13-55
72        <activity
72-->src/main/AndroidManifest.xml:59:9-61:58
73            android:name="com.example.bengkel.ui.bengkel.ProductActivity"
73-->src/main/AndroidManifest.xml:60:13-55
74            android:theme="@style/AppTheme.FullScreen" />
74-->src/main/AndroidManifest.xml:61:13-55
75        <activity android:name="com.example.bengkel.ui.bengkel.ProfileBengkelActivity" />
75-->src/main/AndroidManifest.xml:62:9-71
75-->src/main/AndroidManifest.xml:62:19-68
76        <activity
76-->src/main/AndroidManifest.xml:63:9-66:58
77            android:name="com.example.bengkel.ui.user.HomeActivity"
77-->src/main/AndroidManifest.xml:64:13-49
78            android:label="@string/title_activity_home"
78-->src/main/AndroidManifest.xml:65:13-56
79            android:theme="@style/AppTheme.FullScreen" />
79-->src/main/AndroidManifest.xml:66:13-55
80        <activity android:name="com.example.bengkel.ui.bengkel.SetupActivity" />
80-->src/main/AndroidManifest.xml:67:9-62
80-->src/main/AndroidManifest.xml:67:19-59
81        <activity android:name="com.example.bengkel.ui.mekanik.EditProfileMekanikActivity" />
81-->src/main/AndroidManifest.xml:68:9-75
81-->src/main/AndroidManifest.xml:68:19-72
82        <activity
82-->src/main/AndroidManifest.xml:69:9-71:58
83            android:name="com.example.bengkel.ui.bengkel.BengkelDashboardActivity"
83-->src/main/AndroidManifest.xml:70:13-64
84            android:theme="@style/AppTheme.FullScreen" />
84-->src/main/AndroidManifest.xml:71:13-55
85        <activity
85-->src/main/AndroidManifest.xml:72:9-74:58
86            android:name="com.example.bengkel.ui.mekanik.MekanikActivity"
86-->src/main/AndroidManifest.xml:73:13-55
87            android:theme="@style/AppTheme.FullScreen" />
87-->src/main/AndroidManifest.xml:74:13-55
88        <activity
88-->src/main/AndroidManifest.xml:75:9-83:20
89            android:name="com.example.bengkel.ui.LandingPageActivity"
89-->src/main/AndroidManifest.xml:76:13-51
90            android:theme="@style/AppTheme.FullScreen" >
90-->src/main/AndroidManifest.xml:77:13-55
91            <intent-filter>
91-->src/main/AndroidManifest.xml:78:13-82:29
92                <action android:name="android.intent.action.MAIN" />
92-->src/main/AndroidManifest.xml:79:17-69
92-->src/main/AndroidManifest.xml:79:25-66
93
94                <category android:name="android.intent.category.LAUNCHER" />
94-->src/main/AndroidManifest.xml:81:17-77
94-->src/main/AndroidManifest.xml:81:27-74
95            </intent-filter>
96        </activity>
97        <activity
97-->src/main/AndroidManifest.xml:84:9-86:58
98            android:name="com.example.bengkel.ui.RegisterActivity"
98-->src/main/AndroidManifest.xml:85:13-48
99            android:theme="@style/AppTheme.FullScreen" />
99-->src/main/AndroidManifest.xml:86:13-55
100        <activity android:name="com.example.bengkel.ui.user.ChatroomActivity" />
100-->src/main/AndroidManifest.xml:87:9-62
100-->src/main/AndroidManifest.xml:87:19-59
101
102        <meta-data
102-->src/main/AndroidManifest.xml:89:9-91:69
103            android:name="com.google.android.gms.version"
103-->src/main/AndroidManifest.xml:90:13-58
104            android:value="@integer/google_play_services_version" />
104-->src/main/AndroidManifest.xml:91:13-66
105        <meta-data
105-->src/main/AndroidManifest.xml:92:9-94:57
106            android:name="preloaded_fonts"
106-->src/main/AndroidManifest.xml:93:13-43
107            android:resource="@array/preloaded_fonts" />
107-->src/main/AndroidManifest.xml:94:13-54
108
109        <uses-library
109-->src/main/AndroidManifest.xml:96:9-98:40
110            android:name="org.apache.http.legacy"
110-->src/main/AndroidManifest.xml:97:13-50
111            android:required="false" />
111-->src/main/AndroidManifest.xml:98:13-37
112
113        <service
113-->src/main/AndroidManifest.xml:100:9-102:43
114            android:name="com.example.bengkel.services.LocationService"
114-->src/main/AndroidManifest.xml:101:13-53
115            android:stopWithTask="true" />
115-->src/main/AndroidManifest.xml:102:13-40
116        <service android:name="com.example.bengkel.services.FirebaseService" >
116-->src/main/AndroidManifest.xml:103:9-107:19
116-->src/main/AndroidManifest.xml:103:18-58
117            <intent-filter>
117-->src/main/AndroidManifest.xml:104:13-106:29
118                <action android:name="com.google.firebase.MESSAGING_EVENT" />
118-->src/main/AndroidManifest.xml:105:17-78
118-->src/main/AndroidManifest.xml:105:25-75
119            </intent-filter>
120        </service>
121
122        <meta-data
122-->src/main/AndroidManifest.xml:109:9-111:70
123            android:name="com.google.firebase.messagin.default_notification_client_id"
123-->src/main/AndroidManifest.xml:110:13-87
124            android:value="@string/default_notification_client_id" />
124-->src/main/AndroidManifest.xml:111:13-67
125
126        <activity
126-->src/main/AndroidManifest.xml:113:9-115:59
127            android:name="com.example.bengkel.ui.user.MainActivity"
127-->src/main/AndroidManifest.xml:114:13-49
128            android:label="@string/title_activity_maps" />
128-->src/main/AndroidManifest.xml:115:13-56
129        <activity
129-->src/main/AndroidManifest.xml:116:9-118:58
130            android:name="com.example.bengkel.ui.LoginActivity"
130-->src/main/AndroidManifest.xml:117:13-45
131            android:theme="@style/AppTheme.FullScreen" />
131-->src/main/AndroidManifest.xml:118:13-55
132        <activity
132-->src/main/AndroidManifest.xml:119:9-121:59
133            android:name="com.theartofdev.edmodo.cropper.CropImageActivity"
133-->src/main/AndroidManifest.xml:120:13-76
134            android:theme="@style/Base.Theme.AppCompat" />
134-->src/main/AndroidManifest.xml:121:13-56
135        <activity
135-->[com.karumi:dexter:5.0.0] AndroidManifest.xml:27:9-29:72
136            android:name="com.karumi.dexter.DexterActivity"
136-->[com.karumi:dexter:5.0.0] AndroidManifest.xml:28:13-60
137            android:theme="@style/Dexter.Internal.Theme.Transparent" />
137-->[com.karumi:dexter:5.0.0] AndroidManifest.xml:29:13-69
138
139        <service
139-->[com.google.firebase:firebase-firestore:21.2.0] AndroidManifest.xml:17:9-23:19
140            android:name="com.google.firebase.components.ComponentDiscoveryService"
140-->[com.google.firebase:firebase-firestore:21.2.0] AndroidManifest.xml:18:13-84
141            android:directBootAware="true"
141-->[com.google.firebase:firebase-common:19.2.0] AndroidManifest.xml:15:13-43
142            android:exported="false" >
142-->[com.google.firebase:firebase-firestore:21.2.0] AndroidManifest.xml:19:13-37
143            <meta-data
143-->[com.google.firebase:firebase-firestore:21.2.0] AndroidManifest.xml:20:13-22:85
144                android:name="com.google.firebase.components:com.google.firebase.firestore.FirestoreRegistrar"
144-->[com.google.firebase:firebase-firestore:21.2.0] AndroidManifest.xml:21:17-111
145                android:value="com.google.firebase.components.ComponentRegistrar" />
145-->[com.google.firebase:firebase-firestore:21.2.0] AndroidManifest.xml:22:17-82
146            <meta-data
146-->[com.google.android.gms:play-services-measurement-api:17.2.0] AndroidManifest.xml:30:13-32:85
147                android:name="com.google.firebase.components:com.google.firebase.analytics.connector.internal.AnalyticsConnectorRegistrar"
147-->[com.google.android.gms:play-services-measurement-api:17.2.0] AndroidManifest.xml:31:17-139
148                android:value="com.google.firebase.components.ComponentRegistrar" />
148-->[com.google.android.gms:play-services-measurement-api:17.2.0] AndroidManifest.xml:32:17-82
149            <meta-data
149-->[com.google.firebase:firebase-iid:19.0.0] AndroidManifest.xml:32:13-34:85
150                android:name="com.google.firebase.components:com.google.firebase.iid.Registrar"
150-->[com.google.firebase:firebase-iid:19.0.0] AndroidManifest.xml:33:17-96
151                android:value="com.google.firebase.components.ComponentRegistrar" />
151-->[com.google.firebase:firebase-iid:19.0.0] AndroidManifest.xml:34:17-82
152            <meta-data
152-->[com.google.firebase:firebase-auth:19.1.0] AndroidManifest.xml:36:13-38:85
153                android:name="com.google.firebase.components:com.google.firebase.auth.FirebaseAuthRegistrar"
153-->[com.google.firebase:firebase-auth:19.1.0] AndroidManifest.xml:37:17-109
154                android:value="com.google.firebase.components.ComponentRegistrar" />
154-->[com.google.firebase:firebase-auth:19.1.0] AndroidManifest.xml:38:17-82
155            <meta-data
155-->[com.google.firebase:firebase-storage:17.0.0] AndroidManifest.xml:31:13-33:85
156                android:name="com.google.firebase.components:com.google.firebase.storage.StorageRegistrar"
156-->[com.google.firebase:firebase-storage:17.0.0] AndroidManifest.xml:32:17-107
157                android:value="com.google.firebase.components.ComponentRegistrar" />
157-->[com.google.firebase:firebase-storage:17.0.0] AndroidManifest.xml:33:17-82
158        </service>
159
160        <receiver
160-->[com.google.android.gms:play-services-measurement:17.2.0] AndroidManifest.xml:29:9-33:20
161            android:name="com.google.android.gms.measurement.AppMeasurementReceiver"
161-->[com.google.android.gms:play-services-measurement:17.2.0] AndroidManifest.xml:30:13-85
162            android:enabled="true"
162-->[com.google.android.gms:play-services-measurement:17.2.0] AndroidManifest.xml:31:13-35
163            android:exported="false" >
163-->[com.google.android.gms:play-services-measurement:17.2.0] AndroidManifest.xml:32:13-37
164        </receiver>
165        <receiver
165-->[com.google.android.gms:play-services-measurement:17.2.0] AndroidManifest.xml:34:9-42:20
166            android:name="com.google.android.gms.measurement.AppMeasurementInstallReferrerReceiver"
166-->[com.google.android.gms:play-services-measurement:17.2.0] AndroidManifest.xml:35:13-100
167            android:enabled="true"
167-->[com.google.android.gms:play-services-measurement:17.2.0] AndroidManifest.xml:36:13-35
168            android:exported="true"
168-->[com.google.android.gms:play-services-measurement:17.2.0] AndroidManifest.xml:37:13-36
169            android:permission="android.permission.INSTALL_PACKAGES" >
169-->[com.google.android.gms:play-services-measurement:17.2.0] AndroidManifest.xml:38:13-69
170            <intent-filter>
170-->[com.google.android.gms:play-services-measurement:17.2.0] AndroidManifest.xml:39:13-41:29
171                <action android:name="com.android.vending.INSTALL_REFERRER" />
171-->[com.google.android.gms:play-services-measurement:17.2.0] AndroidManifest.xml:40:17-79
171-->[com.google.android.gms:play-services-measurement:17.2.0] AndroidManifest.xml:40:25-76
172            </intent-filter>
173        </receiver>
174
175        <service
175-->[com.google.android.gms:play-services-measurement:17.2.0] AndroidManifest.xml:44:9-47:40
176            android:name="com.google.android.gms.measurement.AppMeasurementService"
176-->[com.google.android.gms:play-services-measurement:17.2.0] AndroidManifest.xml:45:13-84
177            android:enabled="true"
177-->[com.google.android.gms:play-services-measurement:17.2.0] AndroidManifest.xml:46:13-35
178            android:exported="false" />
178-->[com.google.android.gms:play-services-measurement:17.2.0] AndroidManifest.xml:47:13-37
179        <service
179-->[com.google.android.gms:play-services-measurement:17.2.0] AndroidManifest.xml:48:9-52:72
180            android:name="com.google.android.gms.measurement.AppMeasurementJobService"
180-->[com.google.android.gms:play-services-measurement:17.2.0] AndroidManifest.xml:49:13-87
181            android:enabled="true"
181-->[com.google.android.gms:play-services-measurement:17.2.0] AndroidManifest.xml:50:13-35
182            android:exported="false"
182-->[com.google.android.gms:play-services-measurement:17.2.0] AndroidManifest.xml:51:13-37
183            android:permission="android.permission.BIND_JOB_SERVICE" />
183-->[com.google.android.gms:play-services-measurement:17.2.0] AndroidManifest.xml:52:13-69
184        <!--
185             FirebaseMessagingService performs security checks at runtime,
186             but set to not exported to explicitly avoid allowing another app to call it.
187        -->
188        <service
188-->[com.google.firebase:firebase-messaging:19.0.0] AndroidManifest.xml:28:9-34:19
189            android:name="com.google.firebase.messaging.FirebaseMessagingService"
189-->[com.google.firebase:firebase-messaging:19.0.0] AndroidManifest.xml:29:13-82
190            android:exported="false" >
190-->[com.google.firebase:firebase-messaging:19.0.0] AndroidManifest.xml:30:13-37
191            <intent-filter android:priority="-500" >
191-->src/main/AndroidManifest.xml:104:13-106:29
192                <action android:name="com.google.firebase.MESSAGING_EVENT" />
192-->src/main/AndroidManifest.xml:105:17-78
192-->src/main/AndroidManifest.xml:105:25-75
193            </intent-filter>
194        </service>
195
196        <receiver
196-->[com.google.firebase:firebase-iid:19.0.0] AndroidManifest.xml:37:9-44:20
197            android:name="com.google.firebase.iid.FirebaseInstanceIdReceiver"
197-->[com.google.firebase:firebase-iid:19.0.0] AndroidManifest.xml:38:13-78
198            android:exported="true"
198-->[com.google.firebase:firebase-iid:19.0.0] AndroidManifest.xml:39:13-36
199            android:permission="com.google.android.c2dm.permission.SEND" >
199-->[com.google.firebase:firebase-iid:19.0.0] AndroidManifest.xml:40:13-73
200            <intent-filter>
200-->[com.google.firebase:firebase-iid:19.0.0] AndroidManifest.xml:41:13-43:29
201                <action android:name="com.google.android.c2dm.intent.RECEIVE" />
201-->[com.google.firebase:firebase-iid:19.0.0] AndroidManifest.xml:42:17-81
201-->[com.google.firebase:firebase-iid:19.0.0] AndroidManifest.xml:42:25-78
202            </intent-filter>
203        </receiver>
204
205        <activity
205-->[com.google.firebase:firebase-auth:19.1.0] AndroidManifest.xml:24:9-31:50
206            android:name="com.google.firebase.auth.internal.FederatedSignInActivity"
206-->[com.google.firebase:firebase-auth:19.1.0] AndroidManifest.xml:25:13-85
207            android:excludeFromRecents="true"
207-->[com.google.firebase:firebase-auth:19.1.0] AndroidManifest.xml:26:13-46
208            android:exported="true"
208-->[com.google.firebase:firebase-auth:19.1.0] AndroidManifest.xml:27:13-36
209            android:launchMode="singleTask"
209-->[com.google.firebase:firebase-auth:19.1.0] AndroidManifest.xml:28:13-44
210            android:permission="com.google.firebase.auth.api.gms.permission.LAUNCH_FEDERATED_SIGN_IN"
210-->[com.google.firebase:firebase-auth:19.1.0] AndroidManifest.xml:29:13-102
211            android:theme="@android:style/Theme.Translucent.NoTitleBar" />
211-->[com.google.firebase:firebase-auth:19.1.0] AndroidManifest.xml:30:13-72
212        <activity
212-->[com.google.android.gms:play-services-base:17.1.0] AndroidManifest.xml:23:9-26:75
213            android:name="com.google.android.gms.common.api.GoogleApiActivity"
213-->[com.google.android.gms:play-services-base:17.1.0] AndroidManifest.xml:24:13-79
214            android:exported="false"
214-->[com.google.android.gms:play-services-base:17.1.0] AndroidManifest.xml:25:13-37
215            android:theme="@android:style/Theme.Translucent.NoTitleBar" />
215-->[com.google.android.gms:play-services-base:17.1.0] AndroidManifest.xml:26:13-72
216
217        <provider
217-->[com.google.firebase:firebase-common:19.2.0] AndroidManifest.xml:19:9-23:39
218            android:name="com.google.firebase.provider.FirebaseInitProvider"
218-->[com.google.firebase:firebase-common:19.2.0] AndroidManifest.xml:20:13-77
219            android:authorities="com.example.bengkel.firebaseinitprovider"
219-->[com.google.firebase:firebase-common:19.2.0] AndroidManifest.xml:21:13-72
220            android:exported="false"
220-->[com.google.firebase:firebase-common:19.2.0] AndroidManifest.xml:22:13-37
221            android:initOrder="100" />
221-->[com.google.firebase:firebase-common:19.2.0] AndroidManifest.xml:23:13-36
222        <provider
222-->[androidx.lifecycle:lifecycle-process:2.1.0] AndroidManifest.xml:23:9-27:43
223            android:name="androidx.lifecycle.ProcessLifecycleOwnerInitializer"
223-->[androidx.lifecycle:lifecycle-process:2.1.0] AndroidManifest.xml:24:13-79
224            android:authorities="com.example.bengkel.lifecycle-process"
224-->[androidx.lifecycle:lifecycle-process:2.1.0] AndroidManifest.xml:25:13-69
225            android:exported="false"
225-->[androidx.lifecycle:lifecycle-process:2.1.0] AndroidManifest.xml:26:13-37
226            android:multiprocess="true" />
226-->[androidx.lifecycle:lifecycle-process:2.1.0] AndroidManifest.xml:27:13-40
227    </application>
228
229</manifest>